{"level":"info","message":"Root endpoint accessed","service":"acquisitions-api","timestamp":"2026-01-19 13:39:05"}
{"level":"info","message":"::1 - - [19/Jan/2026:18:39:05 +0000] \"GET / HTTP/1.1\" 304 - \"-\" \"Mozilla/5.0 (Windows NT 10.0; Win64; x64) AppleWebKit/537.36 (KHTML, like Gecko) Chrome/143.0.0.0 Safari/537.36\"","service":"acquisitions-api","timestamp":"2026-01-19 13:39:05"}
{"level":"info","message":"::1 - - [19/Jan/2026:18:39:05 +0000] \"GET /favicon.ico HTTP/1.1\" 404 150 \"-\" \"Mozilla/5.0 (Windows NT 10.0; Win64; x64) AppleWebKit/537.36 (KHTML, like Gecko) Chrome/143.0.0.0 Safari/537.36\"","service":"acquisitions-api","timestamp":"2026-01-19 13:39:05"}
{"level":"info","message":"Root endpoint accessed","service":"acquisitions-api","timestamp":"2026-01-19 13:52:12"}
{"level":"info","message":"::1 - - [19/Jan/2026:18:52:12 +0000] \"GET / HTTP/1.1\" 304 - \"-\" \"Mozilla/5.0 (Windows NT 10.0; Win64; x64) AppleWebKit/537.36 (KHTML, like Gecko) Chrome/143.0.0.0 Safari/537.36\"","service":"acquisitions-api","timestamp":"2026-01-19 13:52:12"}
{"level":"info","message":"Root endpoint accessed","service":"acquisitions-api","timestamp":"2026-01-19 13:56:33"}
{"level":"info","message":"::1 - - [19/Jan/2026:18:56:33 +0000] \"GET / HTTP/1.1\" 200 31 \"-\" \"HTTPie\"","service":"acquisitions-api","timestamp":"2026-01-19 13:56:33"}
{"level":"info","message":"::1 - - [19/Jan/2026:18:57:17 +0000] \"GET /api HTTP/1.1\" 200 40 \"-\" \"HTTPie\"","service":"acquisitions-api","timestamp":"2026-01-19 13:57:17"}
{"level":"info","message":"::1 - - [19/Jan/2026:18:57:42 +0000] \"GET /health HTTP/1.1\" 200 75 \"-\" \"HTTPie\"","service":"acquisitions-api","timestamp":"2026-01-19 13:57:42"}
{"level":"info","message":"::1 - - [19/Jan/2026:18:58:20 +0000] \"POST /api/auth/sign-in HTTP/1.1\" 200 35 \"-\" \"HTTPie\"","service":"acquisitions-api","timestamp":"2026-01-19 13:58:20"}
{"level":"info","message":"Root endpoint accessed","service":"acquisitions-api","timestamp":"2026-01-20 13:03:54"}
{"level":"info","message":"::1 - - [20/Jan/2026:18:03:54 +0000] \"GET / HTTP/1.1\" 200 31 \"-\" \"Mozilla/5.0 (Windows NT 10.0; Win64; x64) AppleWebKit/537.36 (KHTML, like Gecko) Chrome/143.0.0.0 Safari/537.36\"","service":"acquisitions-api","timestamp":"2026-01-20 13:03:54"}
{"level":"info","message":"::1 - - [20/Jan/2026:18:03:55 +0000] \"GET /favicon.ico HTTP/1.1\" 404 150 \"-\" \"Mozilla/5.0 (Windows NT 10.0; Win64; x64) AppleWebKit/537.36 (KHTML, like Gecko) Chrome/143.0.0.0 Safari/537.36\"","service":"acquisitions-api","timestamp":"2026-01-20 13:03:55"}
{"level":"info","message":"Root endpoint accessed","service":"acquisitions-api","timestamp":"2026-01-20 14:16:15"}
{"level":"info","message":"::1 - - [20/Jan/2026:19:16:15 +0000] \"GET / HTTP/1.1\" 200 31 \"-\" \"HTTPie\"","service":"acquisitions-api","timestamp":"2026-01-20 14:16:15"}
{"level":"info","message":"::1 - - [20/Jan/2026:19:17:21 +0000] \"POST /api/auth/sign-up HTTP/1.1\" 400 60 \"-\" \"HTTPie\"","service":"acquisitions-api","timestamp":"2026-01-20 14:17:21"}
{"level":"info","message":"::1 - - [20/Jan/2026:19:19:55 +0000] \"POST /api/auth/sign-up HTTP/1.1\" 400 60 \"-\" \"HTTPie\"","service":"acquisitions-api","timestamp":"2026-01-20 14:19:55"}
{"level":"info","message":"::1 - - [20/Jan/2026:19:20:03 +0000] \"POST /api/auth/sign-up HTTP/1.1\" 400 60 \"-\" \"HTTPie\"","service":"acquisitions-api","timestamp":"2026-01-20 14:20:03"}
{"level":"info","message":"::1 - - [20/Jan/2026:19:20:49 +0000] \"POST /api/auth/sign-up HTTP/1.1\" 400 60 \"-\" \"HTTPie\"","service":"acquisitions-api","timestamp":"2026-01-20 14:20:49"}
{"level":"info","message":"User registered successfully: raju560@gmail.com","service":"acquisitions-api","timestamp":"2026-01-20 14:21:31"}
{"level":"error","message":"Error during signup: role is not defined","service":"acquisitions-api","stack":"ReferenceError: role is not defined\n    at signup (file:///C:/Users/Raju/OneDrive/Desktop/File/NODE%20APPS/acquisitions/src/controllers/auth.controller.js:25:37)\n    at Layer.handleRequest (C:\\Users\\Raju\\OneDrive\\Desktop\\File\\NODE APPS\\acquisitions\\node_modules\\router\\lib\\layer.js:152:17)\n    at next (C:\\Users\\Raju\\OneDrive\\Desktop\\File\\NODE APPS\\acquisitions\\node_modules\\router\\lib\\route.js:157:13)\n    at Route.dispatch (C:\\Users\\Raju\\OneDrive\\Desktop\\File\\NODE APPS\\acquisitions\\node_modules\\router\\lib\\route.js:117:3)\n    at handle (C:\\Users\\Raju\\OneDrive\\Desktop\\File\\NODE APPS\\acquisitions\\node_modules\\router\\index.js:435:11)\n    at Layer.handleRequest (C:\\Users\\Raju\\OneDrive\\Desktop\\File\\NODE APPS\\acquisitions\\node_modules\\router\\lib\\layer.js:152:17)\n    at C:\\Users\\Raju\\OneDrive\\Desktop\\File\\NODE APPS\\acquisitions\\node_modules\\router\\index.js:295:15\n    at processParams (C:\\Users\\Raju\\OneDrive\\Desktop\\File\\NODE APPS\\acquisitions\\node_modules\\router\\index.js:582:12)\n    at next (C:\\Users\\Raju\\OneDrive\\Desktop\\File\\NODE APPS\\acquisitions\\node_modules\\router\\index.js:291:5)\n    at Function.handle (C:\\Users\\Raju\\OneDrive\\Desktop\\File\\NODE APPS\\acquisitions\\node_modules\\router\\index.js:186:3)","timestamp":"2026-01-20 14:21:31"}
{"level":"info","message":"::1 - - [20/Jan/2026:19:21:31 +0000] \"POST /api/auth/sign-up HTTP/1.1\" 500 1467 \"-\" \"HTTPie\"","service":"acquisitions-api","timestamp":"2026-01-20 14:21:31"}
{"level":"info","message":"User registered successfully: raju560@gmail.com","service":"acquisitions-api","timestamp":"2026-01-20 14:23:58"}
{"level":"info","message":"::1 - - [20/Jan/2026:19:23:58 +0000] \"POST /api/auth/sign-up HTTP/1.1\" 201 101 \"-\" \"HTTPie\"","service":"acquisitions-api","timestamp":"2026-01-20 14:23:58"}
{"level":"info","message":"Root endpoint accessed","service":"acquisitions-api","timestamp":"2026-01-21 15:12:05"}
{"level":"info","message":"::1 - - [21/Jan/2026:20:12:05 +0000] \"GET / HTTP/1.1\" 304 - \"-\" \"Mozilla/5.0 (Windows NT 10.0; Win64; x64) AppleWebKit/537.36 (KHTML, like Gecko) Chrome/143.0.0.0 Safari/537.36\"","service":"acquisitions-api","timestamp":"2026-01-21 15:12:05"}
{"level":"info","message":"::1 - - [21/Jan/2026:20:12:06 +0000] \"GET /favicon.ico HTTP/1.1\" 404 150 \"-\" \"Mozilla/5.0 (Windows NT 10.0; Win64; x64) AppleWebKit/537.36 (KHTML, like Gecko) Chrome/143.0.0.0 Safari/537.36\"","service":"acquisitions-api","timestamp":"2026-01-21 15:12:06"}
{"level":"info","message":"::1 - - [21/Jan/2026:20:33:03 +0000] \"POST /api/auth/sign-up HTTP/1.1\" 400 60 \"-\" \"HTTPie\"","service":"acquisitions-api","timestamp":"2026-01-21 15:33:03"}
{"level":"info","message":"::1 - - [21/Jan/2026:20:33:51 +0000] \"POST /api/auth/sign-up HTTP/1.1\" 400 60 \"-\" \"HTTPie\"","service":"acquisitions-api","timestamp":"2026-01-21 15:33:51"}
{"level":"info","message":"::1 - - [21/Jan/2026:20:34:08 +0000] \"POST / HTTP/1.1\" 404 140 \"-\" \"HTTPie\"","service":"acquisitions-api","timestamp":"2026-01-21 15:34:08"}
{"level":"info","message":"Root endpoint accessed","service":"acquisitions-api","timestamp":"2026-01-21 15:34:14"}
{"level":"info","message":"::1 - - [21/Jan/2026:20:34:14 +0000] \"GET / HTTP/1.1\" 200 31 \"-\" \"HTTPie\"","service":"acquisitions-api","timestamp":"2026-01-21 15:34:14"}
{"level":"info","message":"::1 - - [21/Jan/2026:20:34:22 +0000] \"POST /api/auth/sign-up HTTP/1.1\" 400 60 \"-\" \"HTTPie\"","service":"acquisitions-api","timestamp":"2026-01-21 15:34:22"}
{"level":"info","message":"::1 - - [21/Jan/2026:20:35:59 +0000] \"POST /api/auth/sign-up HTTP/1.1\" 400 60 \"-\" \"HTTPie\"","service":"acquisitions-api","timestamp":"2026-01-21 15:35:59"}
{"level":"info","message":"::1 - - [21/Jan/2026:20:37:34 +0000] \"POST /api/auth/sign-up HTTP/1.1\" 400 60 \"-\" \"HTTPie\"","service":"acquisitions-api","timestamp":"2026-01-21 15:37:34"}
{"level":"info","message":"::1 - - [21/Jan/2026:20:37:59 +0000] \"POST /api/auth/sign-up HTTP/1.1\" 400 60 \"-\" \"HTTPie\"","service":"acquisitions-api","timestamp":"2026-01-21 15:37:59"}
{"level":"info","message":"::1 - - [21/Jan/2026:20:44:09 +0000] \"POST /api/auth/sign-up HTTP/1.1\" 400 60 \"-\" \"HTTPie\"","service":"acquisitions-api","timestamp":"2026-01-21 15:44:09"}
{"cause":{"code":"42601","file":"scan.l","line":"1244","name":"NeonDbError","position":"14","routine":"scanner_yyerror","severity":"ERROR"},"level":"error","message":"Error creating user: Failed query: select  from $1 where \"users\".\"email\" = $2 limit $3\nparams: users,raju560@gmail.com,1","params":["users","raju560@gmail.com",1],"query":"select  from $1 where \"users\".\"email\" = $2 limit $3","service":"acquisitions-api","stack":"Error: Failed query: select  from $1 where \"users\".\"email\" = $2 limit $3\nparams: users,raju560@gmail.com,1\n    at NeonHttpPreparedQuery.queryWithCache (file:///C:/Users/Raju/OneDrive/Desktop/File/NODE%20APPS/acquisitions/node_modules/drizzle-orm/pg-core/session.js:41:15)\n    at process.processTicksAndRejections (node:internal/process/task_queues:105:5)\n    at async NeonHttpPreparedQuery.execute (file:///C:/Users/Raju/OneDrive/Desktop/File/NODE%20APPS/acquisitions/node_modules/drizzle-orm/neon-http/session.js:45:20)\n    at async createUser (file:///C:/Users/Raju/OneDrive/Desktop/File/NODE%20APPS/acquisitions/src/services/auth.service.js:25:30)\n    at async signup (file:///C:/Users/Raju/OneDrive/Desktop/File/NODE%20APPS/acquisitions/src/controllers/auth.controller.js:25:22)","timestamp":"2026-01-21 15:44:45"}
{"level":"error","message":"Error during signup: User creation failed","service":"acquisitions-api","stack":"Error: User creation failed\n    at createUser (file:///C:/Users/Raju/OneDrive/Desktop/File/NODE%20APPS/acquisitions/src/services/auth.service.js:44:15)\n    at process.processTicksAndRejections (node:internal/process/task_queues:105:5)\n    at async signup (file:///C:/Users/Raju/OneDrive/Desktop/File/NODE%20APPS/acquisitions/src/controllers/auth.controller.js:25:22)","timestamp":"2026-01-21 15:44:45"}
{"level":"info","message":"::1 - - [21/Jan/2026:20:44:45 +0000] \"POST /api/auth/sign-up HTTP/1.1\" 500 532 \"-\" \"HTTPie\"","service":"acquisitions-api","timestamp":"2026-01-21 15:44:45"}
{"level":"info","message":"::1 - - [21/Jan/2026:20:45:02 +0000] \"POST /api/auth/sign-up HTTP/1.1\" 400 60 \"-\" \"HTTPie\"","service":"acquisitions-api","timestamp":"2026-01-21 15:45:02"}
{"level":"info","message":"::1 - - [21/Jan/2026:20:45:30 +0000] \"POST /api/auth/sign-up HTTP/1.1\" 400 60 \"-\" \"HTTPie\"","service":"acquisitions-api","timestamp":"2026-01-21 15:45:30"}
{"level":"info","message":"::1 - - [21/Jan/2026:20:53:33 +0000] \"POST /api/auth/sign-up HTTP/1.1\" 400 91 \"-\" \"HTTPie\"","service":"acquisitions-api","timestamp":"2026-01-21 15:53:33"}
{"cause":{"code":"42601","file":"scan.l","line":"1244","name":"NeonDbError","position":"14","routine":"scanner_yyerror","severity":"ERROR"},"level":"error","message":"Error creating user: Failed query: select  from $1 where \"users\".\"email\" = $2 limit $3\nparams: users,raju560.webdev@gmail.com,1","params":["users","raju560.webdev@gmail.com",1],"query":"select  from $1 where \"users\".\"email\" = $2 limit $3","service":"acquisitions-api","stack":"Error: Failed query: select  from $1 where \"users\".\"email\" = $2 limit $3\nparams: users,raju560.webdev@gmail.com,1\n    at NeonHttpPreparedQuery.queryWithCache (file:///C:/Users/Raju/OneDrive/Desktop/File/NODE%20APPS/acquisitions/node_modules/drizzle-orm/pg-core/session.js:41:15)\n    at process.processTicksAndRejections (node:internal/process/task_queues:105:5)\n    at async NeonHttpPreparedQuery.execute (file:///C:/Users/Raju/OneDrive/Desktop/File/NODE%20APPS/acquisitions/node_modules/drizzle-orm/neon-http/session.js:45:20)\n    at async createUser (file:///C:/Users/Raju/OneDrive/Desktop/File/NODE%20APPS/acquisitions/src/services/auth.service.js:25:30)\n    at async signup (file:///C:/Users/Raju/OneDrive/Desktop/File/NODE%20APPS/acquisitions/src/controllers/auth.controller.js:25:22)","timestamp":"2026-01-21 15:54:18"}
{"level":"error","message":"Error during signup: User creation failed","service":"acquisitions-api","stack":"Error: User creation failed\n    at createUser (file:///C:/Users/Raju/OneDrive/Desktop/File/NODE%20APPS/acquisitions/src/services/auth.service.js:44:15)\n    at process.processTicksAndRejections (node:internal/process/task_queues:105:5)\n    at async signup (file:///C:/Users/Raju/OneDrive/Desktop/File/NODE%20APPS/acquisitions/src/controllers/auth.controller.js:25:22)","timestamp":"2026-01-21 15:54:18"}
{"level":"info","message":"::1 - - [21/Jan/2026:20:54:18 +0000] \"POST /api/auth/sign-up HTTP/1.1\" 500 532 \"-\" \"HTTPie\"","service":"acquisitions-api","timestamp":"2026-01-21 15:54:18"}
{"cause":{"code":"42601","file":"scan.l","line":"1244","name":"NeonDbError","position":"14","routine":"scanner_yyerror","severity":"ERROR"},"level":"error","message":"Error creating user: Failed query: select  from $1 where \"users\".\"email\" = $2 limit $3\nparams: users,raju560.webdev@gmail.com,1","params":["users","raju560.webdev@gmail.com",1],"query":"select  from $1 where \"users\".\"email\" = $2 limit $3","service":"acquisitions-api","stack":"Error: Failed query: select  from $1 where \"users\".\"email\" = $2 limit $3\nparams: users,raju560.webdev@gmail.com,1\n    at NeonHttpPreparedQuery.queryWithCache (file:///C:/Users/Raju/OneDrive/Desktop/File/NODE%20APPS/acquisitions/node_modules/drizzle-orm/pg-core/session.js:41:15)\n    at process.processTicksAndRejections (node:internal/process/task_queues:105:5)\n    at async NeonHttpPreparedQuery.execute (file:///C:/Users/Raju/OneDrive/Desktop/File/NODE%20APPS/acquisitions/node_modules/drizzle-orm/neon-http/session.js:45:20)\n    at async createUser (file:///C:/Users/Raju/OneDrive/Desktop/File/NODE%20APPS/acquisitions/src/services/auth.service.js:25:30)\n    at async signup (file:///C:/Users/Raju/OneDrive/Desktop/File/NODE%20APPS/acquisitions/src/controllers/auth.controller.js:25:22)","timestamp":"2026-01-21 15:56:54"}
{"level":"error","message":"Error during signup: User creation failed","service":"acquisitions-api","stack":"Error: User creation failed\n    at createUser (file:///C:/Users/Raju/OneDrive/Desktop/File/NODE%20APPS/acquisitions/src/services/auth.service.js:44:15)\n    at process.processTicksAndRejections (node:internal/process/task_queues:105:5)\n    at async signup (file:///C:/Users/Raju/OneDrive/Desktop/File/NODE%20APPS/acquisitions/src/controllers/auth.controller.js:25:22)","timestamp":"2026-01-21 15:56:54"}
{"level":"info","message":"::1 - - [21/Jan/2026:20:56:54 +0000] \"POST /api/auth/sign-up HTTP/1.1\" 500 532 \"-\" \"HTTPie\"","service":"acquisitions-api","timestamp":"2026-01-21 15:56:54"}
{"cause":{"code":"42601","file":"scan.l","line":"1244","name":"NeonDbError","position":"14","routine":"scanner_yyerror","severity":"ERROR"},"level":"error","message":"Error creating user: Failed query: select  from $1 where \"users\".\"email\" = $2 limit $3\nparams: users,raju560.webdev@gmail.com,1","params":["users","raju560.webdev@gmail.com",1],"query":"select  from $1 where \"users\".\"email\" = $2 limit $3","service":"acquisitions-api","stack":"Error: Failed query: select  from $1 where \"users\".\"email\" = $2 limit $3\nparams: users,raju560.webdev@gmail.com,1\n    at NeonHttpPreparedQuery.queryWithCache (file:///C:/Users/Raju/OneDrive/Desktop/File/NODE%20APPS/acquisitions/node_modules/drizzle-orm/pg-core/session.js:41:15)\n    at process.processTicksAndRejections (node:internal/process/task_queues:105:5)\n    at async NeonHttpPreparedQuery.execute (file:///C:/Users/Raju/OneDrive/Desktop/File/NODE%20APPS/acquisitions/node_modules/drizzle-orm/neon-http/session.js:45:20)\n    at async createUser (file:///C:/Users/Raju/OneDrive/Desktop/File/NODE%20APPS/acquisitions/src/services/auth.service.js:25:30)\n    at async signup (file:///C:/Users/Raju/OneDrive/Desktop/File/NODE%20APPS/acquisitions/src/controllers/auth.controller.js:25:22)","timestamp":"2026-01-21 16:01:05"}
{"level":"error","message":"Error during signup: User creation failed","service":"acquisitions-api","stack":"Error: User creation failed\n    at createUser (file:///C:/Users/Raju/OneDrive/Desktop/File/NODE%20APPS/acquisitions/src/services/auth.service.js:44:15)\n    at process.processTicksAndRejections (node:internal/process/task_queues:105:5)\n    at async signup (file:///C:/Users/Raju/OneDrive/Desktop/File/NODE%20APPS/acquisitions/src/controllers/auth.controller.js:25:22)","timestamp":"2026-01-21 16:01:06"}
{"level":"info","message":"::1 - - [21/Jan/2026:21:01:06 +0000] \"POST /api/auth/sign-up HTTP/1.1\" 500 532 \"-\" \"HTTPie\"","service":"acquisitions-api","timestamp":"2026-01-21 16:01:06"}
{"level":"info","message":"User registered successfully: raju560.webdev@gmail.com","service":"acquisitions-api","timestamp":"2026-01-21 16:03:41"}
{"level":"info","message":"::1 - - [21/Jan/2026:21:03:41 +0000] \"POST /api/auth/sign-up HTTP/1.1\" 201 109 \"-\" \"HTTPie\"","service":"acquisitions-api","timestamp":"2026-01-21 16:03:41"}
{"level":"info","message":"User registered successfully: raju566.webdev@gmail.com","service":"acquisitions-api","timestamp":"2026-01-21 16:03:59"}
{"level":"info","message":"::1 - - [21/Jan/2026:21:03:59 +0000] \"POST /api/auth/sign-up HTTP/1.1\" 201 108 \"-\" \"HTTPie\"","service":"acquisitions-api","timestamp":"2026-01-21 16:03:59"}
{"level":"info","message":"User raju566.webdev@gmail.com authenticated successfully","service":"acquisitions-api","timestamp":"2026-01-21 16:43:32"}
{"level":"info","message":"User signed in successfully: raju566.webdev@gmail.com","service":"acquisitions-api","timestamp":"2026-01-21 16:43:32"}
{"level":"info","message":"::1 - - [21/Jan/2026:21:43:32 +0000] \"POST /api/auth/sign-in HTTP/1.1\" 200 120 \"-\" \"HTTPie\"","service":"acquisitions-api","timestamp":"2026-01-21 16:43:32"}
{"level":"info","message":"User signed out successfully","service":"acquisitions-api","timestamp":"2026-01-21 16:44:25"}
{"level":"info","message":"::1 - - [21/Jan/2026:21:44:25 +0000] \"POST /api/auth/sign-out HTTP/1.1\" 200 42 \"-\" \"HTTPie\"","service":"acquisitions-api","timestamp":"2026-01-21 16:44:25"}
{"level":"info","message":"Root endpoint accessed","service":"acquisitions-api","timestamp":"2026-01-21 17:22:53"}
{"level":"info","message":"::1 - - [21/Jan/2026:22:22:53 +0000] \"GET / HTTP/1.1\" 304 - \"-\" \"Mozilla/5.0 (Windows NT 10.0; Win64; x64) AppleWebKit/537.36 (KHTML, like Gecko) Chrome/143.0.0.0 Safari/537.36\"","service":"acquisitions-api","timestamp":"2026-01-21 17:22:53"}
{"level":"info","message":"::1 - - [21/Jan/2026:22:24:32 +0000] \"GET /health HTTP/1.1\" 200 75 \"-\" \"HTTPie\"","service":"acquisitions-api","timestamp":"2026-01-21 17:24:32"}
{"level":"info","message":"::1 - - [21/Jan/2026:22:24:35 +0000] \"GET /health HTTP/1.1\" 200 74 \"-\" \"HTTPie\"","service":"acquisitions-api","timestamp":"2026-01-21 17:24:35"}
{"level":"info","message":"::1 - - [21/Jan/2026:22:24:36 +0000] \"GET /health HTTP/1.1\" 200 75 \"-\" \"HTTPie\"","service":"acquisitions-api","timestamp":"2026-01-21 17:24:36"}
{"level":"info","message":"::1 - - [21/Jan/2026:22:24:36 +0000] \"GET /health HTTP/1.1\" 200 75 \"-\" \"HTTPie\"","service":"acquisitions-api","timestamp":"2026-01-21 17:24:36"}
{"level":"info","message":"::1 - - [21/Jan/2026:22:24:36 +0000] \"GET /health HTTP/1.1\" 200 75 \"-\" \"HTTPie\"","service":"acquisitions-api","timestamp":"2026-01-21 17:24:36"}
{"ip":"::1","level":"warn","message":"Rate limit exceeded","path":"/health","service":"acquisitions-api","timestamp":"2026-01-21 17:24:37","userAgent":"HTTPie"}
{"level":"info","message":"::1 - - [21/Jan/2026:22:24:37 +0000] \"GET /health HTTP/1.1\" 403 51 \"-\" \"HTTPie\"","service":"acquisitions-api","timestamp":"2026-01-21 17:24:37"}
{"ip":"::1","level":"warn","message":"Rate limit exceeded","path":"/health","service":"acquisitions-api","timestamp":"2026-01-21 17:24:37","userAgent":"HTTPie"}
{"level":"info","message":"::1 - - [21/Jan/2026:22:24:37 +0000] \"GET /health HTTP/1.1\" 403 51 \"-\" \"HTTPie\"","service":"acquisitions-api","timestamp":"2026-01-21 17:24:37"}
{"ip":"::1","level":"warn","message":"Rate limit exceeded","path":"/health","service":"acquisitions-api","timestamp":"2026-01-21 17:24:37","userAgent":"HTTPie"}
{"level":"info","message":"::1 - - [21/Jan/2026:22:24:37 +0000] \"GET /health HTTP/1.1\" 403 51 \"-\" \"HTTPie\"","service":"acquisitions-api","timestamp":"2026-01-21 17:24:37"}
{"ip":"::1","level":"warn","message":"Rate limit exceeded","path":"/health","service":"acquisitions-api","timestamp":"2026-01-21 17:24:37","userAgent":"HTTPie"}
{"level":"info","message":"::1 - - [21/Jan/2026:22:24:37 +0000] \"GET /health HTTP/1.1\" 403 51 \"-\" \"HTTPie\"","service":"acquisitions-api","timestamp":"2026-01-21 17:24:37"}
{"ip":"::1","level":"warn","message":"Rate limit exceeded","path":"/health","service":"acquisitions-api","timestamp":"2026-01-21 17:24:38","userAgent":"HTTPie"}
{"level":"info","message":"::1 - - [21/Jan/2026:22:24:38 +0000] \"GET /health HTTP/1.1\" 403 51 \"-\" \"HTTPie\"","service":"acquisitions-api","timestamp":"2026-01-21 17:24:38"}
{"ip":"::1","level":"warn","message":"Rate limit exceeded","path":"/","service":"acquisitions-api","timestamp":"2026-01-21 17:25:07","userAgent":"Mozilla/5.0 (Windows NT 10.0; Win64; x64) AppleWebKit/537.36 (KHTML, like Gecko) Chrome/143.0.0.0 Safari/537.36"}
{"level":"info","message":"::1 - - [21/Jan/2026:22:25:07 +0000] \"GET / HTTP/1.1\" 403 51 \"-\" \"Mozilla/5.0 (Windows NT 10.0; Win64; x64) AppleWebKit/537.36 (KHTML, like Gecko) Chrome/143.0.0.0 Safari/537.36\"","service":"acquisitions-api","timestamp":"2026-01-21 17:25:07"}
{"level":"info","message":"::1 - - [22/Jan/2026:14:49:27 +0000] \"GET /health HTTP/1.1\" 200 75 \"-\" \"-\"","service":"acquisitions-api","timestamp":"2026-01-22 14:49:27"}
{"level":"info","message":"::1 - - [22/Jan/2026:14:49:57 +0000] \"GET /health HTTP/1.1\" 200 76 \"-\" \"-\"","service":"acquisitions-api","timestamp":"2026-01-22 14:49:57"}
{"level":"info","message":"::1 - - [22/Jan/2026:14:50:27 +0000] \"GET /health HTTP/1.1\" 200 76 \"-\" \"-\"","service":"acquisitions-api","timestamp":"2026-01-22 14:50:27"}
{"level":"info","message":"Root endpoint accessed","service":"acquisitions-api","timestamp":"2026-01-22 09:50:32"}
{"level":"info","message":"::1 - - [22/Jan/2026:14:50:33 +0000] \"GET / HTTP/1.1\" 200 31 \"-\" \"Mozilla/5.0 (Windows NT 10.0; Win64; x64) AppleWebKit/537.36 (KHTML, like Gecko) Chrome/143.0.0.0 Safari/537.36\"","service":"acquisitions-api","timestamp":"2026-01-22 09:50:33"}
{"level":"info","message":"::1 - - [22/Jan/2026:14:50:35 +0000] \"GET /favicon.ico HTTP/1.1\" 404 150 \"-\" \"Mozilla/5.0 (Windows NT 10.0; Win64; x64) AppleWebKit/537.36 (KHTML, like Gecko) Chrome/143.0.0.0 Safari/537.36\"","service":"acquisitions-api","timestamp":"2026-01-22 09:50:35"}
{"level":"info","message":"::1 - - [22/Jan/2026:14:50:54 +0000] \"GET /api HTTP/1.1\" 200 40 \"-\" \"Mozilla/5.0 (Windows NT 10.0; Win64; x64) AppleWebKit/537.36 (KHTML, like Gecko) Chrome/143.0.0.0 Safari/537.36\"","service":"acquisitions-api","timestamp":"2026-01-22 09:50:54"}
{"level":"info","message":"::1 - - [22/Jan/2026:14:50:57 +0000] \"GET /health HTTP/1.1\" 200 76 \"-\" \"-\"","service":"acquisitions-api","timestamp":"2026-01-22 14:50:57"}
{"level":"info","message":"::1 - - [22/Jan/2026:14:51:28 +0000] \"GET /health HTTP/1.1\" 200 77 \"-\" \"-\"","service":"acquisitions-api","timestamp":"2026-01-22 14:51:28"}
{"level":"info","message":"::1 - - [22/Jan/2026:14:51:58 +0000] \"GET /health HTTP/1.1\" 200 77 \"-\" \"-\"","service":"acquisitions-api","timestamp":"2026-01-22 14:51:58"}
{"level":"info","message":"::1 - - [22/Jan/2026:14:52:28 +0000] \"GET /health HTTP/1.1\" 200 77 \"-\" \"-\"","service":"acquisitions-api","timestamp":"2026-01-22 14:52:28"}
{"level":"info","message":"::1 - - [22/Jan/2026:14:52:58 +0000] \"GET /health HTTP/1.1\" 200 77 \"-\" \"-\"","service":"acquisitions-api","timestamp":"2026-01-22 14:52:58"}
{"level":"info","message":"::1 - - [22/Jan/2026:14:53:28 +0000] \"GET /health HTTP/1.1\" 200 77 \"-\" \"-\"","service":"acquisitions-api","timestamp":"2026-01-22 14:53:28"}
{"level":"info","message":"::1 - - [22/Jan/2026:14:53:59 +0000] \"GET /health HTTP/1.1\" 200 76 \"-\" \"-\"","service":"acquisitions-api","timestamp":"2026-01-22 14:53:59"}
{"level":"info","message":"::1 - - [22/Jan/2026:14:54:29 +0000] \"GET /health HTTP/1.1\" 200 77 \"-\" \"-\"","service":"acquisitions-api","timestamp":"2026-01-22 14:54:29"}
{"level":"info","message":"::1 - - [22/Jan/2026:14:54:59 +0000] \"GET /health HTTP/1.1\" 200 76 \"-\" \"-\"","service":"acquisitions-api","timestamp":"2026-01-22 14:54:59"}
{"level":"info","message":"::1 - - [22/Jan/2026:14:55:30 +0000] \"GET /health HTTP/1.1\" 200 77 \"-\" \"-\"","service":"acquisitions-api","timestamp":"2026-01-22 14:55:30"}
{"level":"info","message":"::1 - - [22/Jan/2026:14:56:00 +0000] \"GET /health HTTP/1.1\" 200 77 \"-\" \"-\"","service":"acquisitions-api","timestamp":"2026-01-22 14:56:00"}
{"level":"info","message":"::1 - - [22/Jan/2026:14:56:30 +0000] \"GET /health HTTP/1.1\" 200 77 \"-\" \"-\"","service":"acquisitions-api","timestamp":"2026-01-22 14:56:30"}
{"level":"info","message":"::1 - - [22/Jan/2026:14:57:00 +0000] \"GET /health HTTP/1.1\" 200 77 \"-\" \"-\"","service":"acquisitions-api","timestamp":"2026-01-22 14:57:00"}
{"level":"info","message":"::1 - - [22/Jan/2026:14:57:31 +0000] \"GET /health HTTP/1.1\" 200 77 \"-\" \"-\"","service":"acquisitions-api","timestamp":"2026-01-22 14:57:31"}
{"level":"info","message":"::1 - - [22/Jan/2026:14:57:42 +0000] \"GET /health HTTP/1.1\" 200 73 \"-\" \"HTTPie\"","service":"acquisitions-api","timestamp":"2026-01-22 09:57:42"}
{"level":"info","message":"::1 - - [22/Jan/2026:14:58:01 +0000] \"GET /health HTTP/1.1\" 200 76 \"-\" \"-\"","service":"acquisitions-api","timestamp":"2026-01-22 14:58:01"}
{"level":"info","message":"::1 - - [22/Jan/2026:14:58:31 +0000] \"GET /health HTTP/1.1\" 200 77 \"-\" \"-\"","service":"acquisitions-api","timestamp":"2026-01-22 14:58:31"}
{"cause":{"name":"NeonDbError","sourceError":{}},"level":"error","message":"Error creating user: Failed query: select \"id\", \"name\", \"email\", \"password\", \"role\", \"created_at\", \"updated_at\" from \"users\" where \"users\".\"email\" = $1 limit $2\nparams: raju569.webdev@gmail.com,1","params":["raju569.webdev@gmail.com",1],"query":"select \"id\", \"name\", \"email\", \"password\", \"role\", \"created_at\", \"updated_at\" from \"users\" where \"users\".\"email\" = $1 limit $2","service":"acquisitions-api","stack":"Error: Failed query: select \"id\", \"name\", \"email\", \"password\", \"role\", \"created_at\", \"updated_at\" from \"users\" where \"users\".\"email\" = $1 limit $2\nparams: raju569.webdev@gmail.com,1\n    at NeonHttpPreparedQuery.queryWithCache (file:///C:/Users/Raju/OneDrive/Desktop/File/NODE%20APPS/acquisitions/node_modules/drizzle-orm/pg-core/session.js:41:15)\n    at process.processTicksAndRejections (node:internal/process/task_queues:105:5)\n    at async NeonHttpPreparedQuery.execute (file:///C:/Users/Raju/OneDrive/Desktop/File/NODE%20APPS/acquisitions/node_modules/drizzle-orm/neon-http/session.js:45:20)\n    at async createUser (file:///C:/Users/Raju/OneDrive/Desktop/File/NODE%20APPS/acquisitions/src/services/auth.service.js:34:30)\n    at async signup (file:///C:/Users/Raju/OneDrive/Desktop/File/NODE%20APPS/acquisitions/src/controllers/auth.controller.js:25:22)","timestamp":"2026-01-22 09:58:39"}
{"level":"error","message":"Error during signup: User creation failed","service":"acquisitions-api","stack":"Error: User creation failed\n    at createUser (file:///C:/Users/Raju/OneDrive/Desktop/File/NODE%20APPS/acquisitions/src/services/auth.service.js:53:15)\n    at process.processTicksAndRejections (node:internal/process/task_queues:105:5)\n    at async signup (file:///C:/Users/Raju/OneDrive/Desktop/File/NODE%20APPS/acquisitions/src/controllers/auth.controller.js:25:22)","timestamp":"2026-01-22 09:58:39"}
{"level":"info","message":"::1 - - [22/Jan/2026:14:58:39 +0000] \"POST /api/auth/sign-up HTTP/1.1\" 500 532 \"-\" \"HTTPie\"","service":"acquisitions-api","timestamp":"2026-01-22 09:58:39"}
{"level":"info","message":"::1 - - [22/Jan/2026:14:59:01 +0000] \"GET /health HTTP/1.1\" 200 77 \"-\" \"-\"","service":"acquisitions-api","timestamp":"2026-01-22 14:59:01"}
{"level":"info","message":"::1 - - [22/Jan/2026:14:59:32 +0000] \"GET /health HTTP/1.1\" 200 77 \"-\" \"-\"","service":"acquisitions-api","timestamp":"2026-01-22 14:59:32"}
{"level":"info","message":"::1 - - [22/Jan/2026:15:00:02 +0000] \"GET /health HTTP/1.1\" 200 77 \"-\" \"-\"","service":"acquisitions-api","timestamp":"2026-01-22 15:00:02"}
{"level":"info","message":"::1 - - [22/Jan/2026:15:00:32 +0000] \"GET /health HTTP/1.1\" 200 77 \"-\" \"-\"","service":"acquisitions-api","timestamp":"2026-01-22 15:00:32"}
{"level":"info","message":"::1 - - [22/Jan/2026:15:01:02 +0000] \"GET /health HTTP/1.1\" 200 77 \"-\" \"-\"","service":"acquisitions-api","timestamp":"2026-01-22 15:01:02"}
{"level":"info","message":"::1 - - [22/Jan/2026:15:01:33 +0000] \"GET /health HTTP/1.1\" 200 77 \"-\" \"-\"","service":"acquisitions-api","timestamp":"2026-01-22 15:01:33"}
{"level":"info","message":"::1 - - [22/Jan/2026:15:02:03 +0000] \"GET /health HTTP/1.1\" 200 77 \"-\" \"-\"","service":"acquisitions-api","timestamp":"2026-01-22 15:02:03"}
{"cause":{"name":"NeonDbError","sourceError":{}},"level":"error","message":"Error creating user: Failed query: select \"id\", \"name\", \"email\", \"password\", \"role\", \"created_at\", \"updated_at\" from \"users\" where \"users\".\"email\" = $1 limit $2\nparams: raju569.webdev@gmail.com,1","params":["raju569.webdev@gmail.com",1],"query":"select \"id\", \"name\", \"email\", \"password\", \"role\", \"created_at\", \"updated_at\" from \"users\" where \"users\".\"email\" = $1 limit $2","service":"acquisitions-api","stack":"Error: Failed query: select \"id\", \"name\", \"email\", \"password\", \"role\", \"created_at\", \"updated_at\" from \"users\" where \"users\".\"email\" = $1 limit $2\nparams: raju569.webdev@gmail.com,1\n    at NeonHttpPreparedQuery.queryWithCache (file:///C:/Users/Raju/OneDrive/Desktop/File/NODE%20APPS/acquisitions/node_modules/drizzle-orm/pg-core/session.js:41:15)\n    at process.processTicksAndRejections (node:internal/process/task_queues:105:5)\n    at async NeonHttpPreparedQuery.execute (file:///C:/Users/Raju/OneDrive/Desktop/File/NODE%20APPS/acquisitions/node_modules/drizzle-orm/neon-http/session.js:45:20)\n    at async createUser (file:///C:/Users/Raju/OneDrive/Desktop/File/NODE%20APPS/acquisitions/src/services/auth.service.js:34:30)\n    at async signup (file:///C:/Users/Raju/OneDrive/Desktop/File/NODE%20APPS/acquisitions/src/controllers/auth.controller.js:25:22)","timestamp":"2026-01-22 10:02:42"}
{"level":"error","message":"Error during signup: User creation failed","service":"acquisitions-api","stack":"Error: User creation failed\n    at createUser (file:///C:/Users/Raju/OneDrive/Desktop/File/NODE%20APPS/acquisitions/src/services/auth.service.js:53:15)\n    at process.processTicksAndRejections (node:internal/process/task_queues:105:5)\n    at async signup (file:///C:/Users/Raju/OneDrive/Desktop/File/NODE%20APPS/acquisitions/src/controllers/auth.controller.js:25:22)","timestamp":"2026-01-22 10:02:43"}
{"level":"info","message":"::1 - - [22/Jan/2026:15:02:43 +0000] \"POST /api/auth/sign-up HTTP/1.1\" 500 532 \"-\" \"HTTPie\"","service":"acquisitions-api","timestamp":"2026-01-22 10:02:43"}
{"level":"info","message":"::1 - - [22/Jan/2026:15:02:57 +0000] \"GET /health HTTP/1.1\" 200 76 \"-\" \"-\"","service":"acquisitions-api","timestamp":"2026-01-22 15:02:57"}
{"level":"info","message":"::1 - - [22/Jan/2026:15:03:27 +0000] \"GET /health HTTP/1.1\" 200 76 \"-\" \"-\"","service":"acquisitions-api","timestamp":"2026-01-22 15:03:27"}
{"level":"info","message":"::1 - - [22/Jan/2026:15:03:57 +0000] \"GET /health HTTP/1.1\" 200 76 \"-\" \"-\"","service":"acquisitions-api","timestamp":"2026-01-22 15:03:57"}
{"level":"info","message":"::1 - - [22/Jan/2026:15:04:27 +0000] \"GET /health HTTP/1.1\" 200 77 \"-\" \"-\"","service":"acquisitions-api","timestamp":"2026-01-22 15:04:27"}
{"level":"info","message":"::1 - - [22/Jan/2026:15:04:57 +0000] \"GET /health HTTP/1.1\" 200 77 \"-\" \"-\"","service":"acquisitions-api","timestamp":"2026-01-22 15:04:57"}
{"level":"info","message":"::1 - - [22/Jan/2026:15:05:28 +0000] \"GET /health HTTP/1.1\" 200 77 \"-\" \"-\"","service":"acquisitions-api","timestamp":"2026-01-22 15:05:28"}
{"level":"info","message":"::1 - - [22/Jan/2026:15:05:58 +0000] \"GET /health HTTP/1.1\" 200 77 \"-\" \"-\"","service":"acquisitions-api","timestamp":"2026-01-22 15:05:58"}
{"level":"info","message":"::1 - - [22/Jan/2026:15:06:28 +0000] \"GET /health HTTP/1.1\" 200 77 \"-\" \"-\"","service":"acquisitions-api","timestamp":"2026-01-22 15:06:28"}
{"level":"info","message":"::1 - - [22/Jan/2026:15:06:58 +0000] \"GET /health HTTP/1.1\" 200 77 \"-\" \"-\"","service":"acquisitions-api","timestamp":"2026-01-22 15:06:58"}
{"level":"info","message":"::1 - - [22/Jan/2026:15:07:29 +0000] \"GET /health HTTP/1.1\" 200 77 \"-\" \"-\"","service":"acquisitions-api","timestamp":"2026-01-22 15:07:29"}
{"level":"info","message":"::1 - - [22/Jan/2026:15:07:59 +0000] \"GET /health HTTP/1.1\" 200 77 \"-\" \"-\"","service":"acquisitions-api","timestamp":"2026-01-22 15:07:59"}
{"level":"info","message":"::1 - - [22/Jan/2026:15:08:29 +0000] \"GET /health HTTP/1.1\" 200 77 \"-\" \"-\"","service":"acquisitions-api","timestamp":"2026-01-22 15:08:29"}
{"level":"info","message":"::1 - - [22/Jan/2026:15:08:59 +0000] \"GET /health HTTP/1.1\" 200 77 \"-\" \"-\"","service":"acquisitions-api","timestamp":"2026-01-22 15:08:59"}
{"level":"info","message":"::1 - - [22/Jan/2026:15:09:29 +0000] \"GET /health HTTP/1.1\" 200 77 \"-\" \"-\"","service":"acquisitions-api","timestamp":"2026-01-22 15:09:29"}
{"level":"info","message":"::1 - - [22/Jan/2026:15:10:00 +0000] \"GET /health HTTP/1.1\" 200 77 \"-\" \"-\"","service":"acquisitions-api","timestamp":"2026-01-22 15:10:00"}
{"level":"info","message":"::1 - - [22/Jan/2026:15:10:30 +0000] \"GET /health HTTP/1.1\" 200 77 \"-\" \"-\"","service":"acquisitions-api","timestamp":"2026-01-22 15:10:30"}
{"level":"info","message":"::1 - - [22/Jan/2026:15:11:00 +0000] \"GET /health HTTP/1.1\" 200 76 \"-\" \"-\"","service":"acquisitions-api","timestamp":"2026-01-22 15:11:00"}
{"level":"info","message":"::1 - - [22/Jan/2026:15:11:30 +0000] \"GET /health HTTP/1.1\" 200 77 \"-\" \"-\"","service":"acquisitions-api","timestamp":"2026-01-22 15:11:30"}
{"level":"info","message":"::1 - - [22/Jan/2026:15:12:00 +0000] \"GET /health HTTP/1.1\" 200 76 \"-\" \"-\"","service":"acquisitions-api","timestamp":"2026-01-22 15:12:00"}
{"cause":{"name":"NeonDbError","sourceError":{}},"level":"error","message":"Error creating user: Failed query: select \"id\", \"name\", \"email\", \"password\", \"role\", \"created_at\", \"updated_at\" from \"users\" where \"users\".\"email\" = $1 limit $2\nparams: raju569.webdev@gmail.com,1","params":["raju569.webdev@gmail.com",1],"query":"select \"id\", \"name\", \"email\", \"password\", \"role\", \"created_at\", \"updated_at\" from \"users\" where \"users\".\"email\" = $1 limit $2","service":"acquisitions-api","stack":"Error: Failed query: select \"id\", \"name\", \"email\", \"password\", \"role\", \"created_at\", \"updated_at\" from \"users\" where \"users\".\"email\" = $1 limit $2\nparams: raju569.webdev@gmail.com,1\n    at NeonHttpPreparedQuery.queryWithCache (file:///C:/Users/Raju/OneDrive/Desktop/File/NODE%20APPS/acquisitions/node_modules/drizzle-orm/pg-core/session.js:41:15)\n    at process.processTicksAndRejections (node:internal/process/task_queues:105:5)\n    at async NeonHttpPreparedQuery.execute (file:///C:/Users/Raju/OneDrive/Desktop/File/NODE%20APPS/acquisitions/node_modules/drizzle-orm/neon-http/session.js:45:20)\n    at async createUser (file:///C:/Users/Raju/OneDrive/Desktop/File/NODE%20APPS/acquisitions/src/services/auth.service.js:34:30)\n    at async signup (file:///C:/Users/Raju/OneDrive/Desktop/File/NODE%20APPS/acquisitions/src/controllers/auth.controller.js:25:22)","timestamp":"2026-01-22 10:12:27"}
{"level":"error","message":"Error during signup: User creation failed","service":"acquisitions-api","stack":"Error: User creation failed\n    at createUser (file:///C:/Users/Raju/OneDrive/Desktop/File/NODE%20APPS/acquisitions/src/services/auth.service.js:53:15)\n    at process.processTicksAndRejections (node:internal/process/task_queues:105:5)\n    at async signup (file:///C:/Users/Raju/OneDrive/Desktop/File/NODE%20APPS/acquisitions/src/controllers/auth.controller.js:25:22)","timestamp":"2026-01-22 10:12:27"}
{"level":"info","message":"::1 - - [22/Jan/2026:15:12:27 +0000] \"POST /api/auth/sign-up HTTP/1.1\" 500 532 \"-\" \"HTTPie\"","service":"acquisitions-api","timestamp":"2026-01-22 10:12:27"}
{"level":"info","message":"::1 - - [22/Jan/2026:15:12:31 +0000] \"GET /health HTTP/1.1\" 200 77 \"-\" \"-\"","service":"acquisitions-api","timestamp":"2026-01-22 15:12:31"}
{"level":"info","message":"::1 - - [22/Jan/2026:15:13:01 +0000] \"GET /health HTTP/1.1\" 200 77 \"-\" \"-\"","service":"acquisitions-api","timestamp":"2026-01-22 15:13:01"}
{"level":"info","message":"::1 - - [22/Jan/2026:15:19:09 +0000] \"GET /health HTTP/1.1\" 200 75 \"-\" \"-\"","service":"acquisitions-api","timestamp":"2026-01-22 15:19:09"}
{"level":"info","message":"Root endpoint accessed","service":"acquisitions-api","timestamp":"2026-01-22 10:19:30"}
{"level":"info","message":"::1 - - [22/Jan/2026:15:19:30 +0000] \"GET / HTTP/1.1\" 200 31 \"-\" \"HTTPie\"","service":"acquisitions-api","timestamp":"2026-01-22 10:19:30"}
{"level":"info","message":"::1 - - [22/Jan/2026:15:19:35 +0000] \"GET /healthz HTTP/1.1\" 404 146 \"-\" \"HTTPie\"","service":"acquisitions-api","timestamp":"2026-01-22 10:19:35"}
{"level":"info","message":"::1 - - [22/Jan/2026:15:19:38 +0000] \"GET /health HTTP/1.1\" 200 75 \"-\" \"HTTPie\"","service":"acquisitions-api","timestamp":"2026-01-22 10:19:38"}
{"level":"info","message":"::1 - - [22/Jan/2026:15:19:39 +0000] \"GET /health HTTP/1.1\" 200 76 \"-\" \"-\"","service":"acquisitions-api","timestamp":"2026-01-22 15:19:39"}
{"ip":"::1","level":"warn","message":"Rate limit exceeded","path":"/api/auth/sign-up","service":"acquisitions-api","timestamp":"2026-01-22 10:19:59","userAgent":"HTTPie"}
{"level":"info","message":"::1 - - [22/Jan/2026:15:19:59 +0000] \"GET /api/auth/sign-up HTTP/1.1\" 403 51 \"-\" \"HTTPie\"","service":"acquisitions-api","timestamp":"2026-01-22 10:19:59"}
{"ip":"::1","level":"warn","message":"Rate limit exceeded","path":"/health","service":"acquisitions-api","timestamp":"2026-01-22 15:20:10"}
{"level":"info","message":"::1 - - [22/Jan/2026:15:20:10 +0000] \"GET /health HTTP/1.1\" 403 51 \"-\" \"-\"","service":"acquisitions-api","timestamp":"2026-01-22 15:20:10"}
{"ip":"::1","level":"warn","message":"Rate limit exceeded","path":"/api/auth/sign-up","service":"acquisitions-api","timestamp":"2026-01-22 10:20:12","userAgent":"HTTPie"}
{"level":"info","message":"::1 - - [22/Jan/2026:15:20:12 +0000] \"POST /api/auth/sign-up HTTP/1.1\" 403 51 \"-\" \"HTTPie\"","service":"acquisitions-api","timestamp":"2026-01-22 10:20:12"}
{"ip":"::1","level":"warn","message":"Rate limit exceeded","path":"/health","service":"acquisitions-api","timestamp":"2026-01-22 15:20:40"}
{"level":"info","message":"::1 - - [22/Jan/2026:15:20:40 +0000] \"GET /health HTTP/1.1\" 403 51 \"-\" \"-\"","service":"acquisitions-api","timestamp":"2026-01-22 15:20:40"}
{"ip":"::1","level":"warn","message":"Rate limit exceeded","path":"/api/auth/sign-up","service":"acquisitions-api","timestamp":"2026-01-22 10:20:57","userAgent":"HTTPie"}
{"level":"info","message":"::1 - - [22/Jan/2026:15:20:57 +0000] \"POST /api/auth/sign-up HTTP/1.1\" 403 51 \"-\" \"HTTPie\"","service":"acquisitions-api","timestamp":"2026-01-22 10:20:57"}
{"level":"info","message":"::1 - - [22/Jan/2026:15:21:10 +0000] \"GET /health HTTP/1.1\" 200 77 \"-\" \"-\"","service":"acquisitions-api","timestamp":"2026-01-22 15:21:10"}
{"level":"error","message":"Error authenticating user: Error: Failed query: select \"id\", \"name\", \"email\", \"password\", \"role\", \"created_at\", \"updated_at\" from \"users\" where \"users\".\"email\" = $1 limit $2\nparams: raju560.webdev@gmail.com,1","service":"acquisitions-api","timestamp":"2026-01-22 10:21:26"}
{"cause":{"name":"NeonDbError","sourceError":{}},"level":"error","message":"Sign in error Failed query: select \"id\", \"name\", \"email\", \"password\", \"role\", \"created_at\", \"updated_at\" from \"users\" where \"users\".\"email\" = $1 limit $2\nparams: raju560.webdev@gmail.com,1","params":["raju560.webdev@gmail.com",1],"query":"select \"id\", \"name\", \"email\", \"password\", \"role\", \"created_at\", \"updated_at\" from \"users\" where \"users\".\"email\" = $1 limit $2","service":"acquisitions-api","stack":"Error: Failed query: select \"id\", \"name\", \"email\", \"password\", \"role\", \"created_at\", \"updated_at\" from \"users\" where \"users\".\"email\" = $1 limit $2\nparams: raju560.webdev@gmail.com,1\n    at NeonHttpPreparedQuery.queryWithCache (file:///C:/Users/Raju/OneDrive/Desktop/File/NODE%20APPS/acquisitions/node_modules/drizzle-orm/pg-core/session.js:41:15)\n    at process.processTicksAndRejections (node:internal/process/task_queues:105:5)\n    at async NeonHttpPreparedQuery.execute (file:///C:/Users/Raju/OneDrive/Desktop/File/NODE%20APPS/acquisitions/node_modules/drizzle-orm/neon-http/session.js:45:20)\n    at async authenticateUser (file:///C:/Users/Raju/OneDrive/Desktop/File/NODE%20APPS/acquisitions/src/services/auth.service.js:62:28)\n    at async signIn (file:///C:/Users/Raju/OneDrive/Desktop/File/NODE%20APPS/acquisitions/src/controllers/auth.controller.js:64:18)","timestamp":"2026-01-22 10:21:26"}
{"level":"info","message":"::1 - - [22/Jan/2026:15:21:26 +0000] \"POST /api/auth/sign-in HTTP/1.1\" 500 1158 \"-\" \"HTTPie\"","service":"acquisitions-api","timestamp":"2026-01-22 10:21:26"}
{"level":"info","message":"::1 - - [22/Jan/2026:15:21:40 +0000] \"GET /health HTTP/1.1\" 200 77 \"-\" \"-\"","service":"acquisitions-api","timestamp":"2026-01-22 15:21:40"}
{"level":"info","message":"::1 - - [22/Jan/2026:15:22:10 +0000] \"GET /health HTTP/1.1\" 200 77 \"-\" \"-\"","service":"acquisitions-api","timestamp":"2026-01-22 15:22:10"}
{"level":"error","message":"Error authenticating user: Error: Failed query: select \"id\", \"name\", \"email\", \"password\", \"role\", \"created_at\", \"updated_at\" from \"users\" where \"users\".\"email\" = $1 limit $2\nparams: raju560.webdev@gmail.com,1","service":"acquisitions-api","timestamp":"2026-01-22 10:22:38"}
{"cause":{"name":"NeonDbError","sourceError":{}},"level":"error","message":"Sign in error Failed query: select \"id\", \"name\", \"email\", \"password\", \"role\", \"created_at\", \"updated_at\" from \"users\" where \"users\".\"email\" = $1 limit $2\nparams: raju560.webdev@gmail.com,1","params":["raju560.webdev@gmail.com",1],"query":"select \"id\", \"name\", \"email\", \"password\", \"role\", \"created_at\", \"updated_at\" from \"users\" where \"users\".\"email\" = $1 limit $2","service":"acquisitions-api","stack":"Error: Failed query: select \"id\", \"name\", \"email\", \"password\", \"role\", \"created_at\", \"updated_at\" from \"users\" where \"users\".\"email\" = $1 limit $2\nparams: raju560.webdev@gmail.com,1\n    at NeonHttpPreparedQuery.queryWithCache (file:///C:/Users/Raju/OneDrive/Desktop/File/NODE%20APPS/acquisitions/node_modules/drizzle-orm/pg-core/session.js:41:15)\n    at process.processTicksAndRejections (node:internal/process/task_queues:105:5)\n    at async NeonHttpPreparedQuery.execute (file:///C:/Users/Raju/OneDrive/Desktop/File/NODE%20APPS/acquisitions/node_modules/drizzle-orm/neon-http/session.js:45:20)\n    at async authenticateUser (file:///C:/Users/Raju/OneDrive/Desktop/File/NODE%20APPS/acquisitions/src/services/auth.service.js:62:28)\n    at async signIn (file:///C:/Users/Raju/OneDrive/Desktop/File/NODE%20APPS/acquisitions/src/controllers/auth.controller.js:64:18)","timestamp":"2026-01-22 10:22:38"}
{"level":"info","message":"::1 - - [22/Jan/2026:15:22:38 +0000] \"POST /api/auth/sign-in HTTP/1.1\" 500 1158 \"-\" \"HTTPie\"","service":"acquisitions-api","timestamp":"2026-01-22 10:22:38"}
{"level":"info","message":"::1 - - [22/Jan/2026:15:22:40 +0000] \"GET /health HTTP/1.1\" 200 77 \"-\" \"-\"","service":"acquisitions-api","timestamp":"2026-01-22 15:22:40"}
{"cause":{"name":"NeonDbError","sourceError":{}},"level":"error","message":"Error creating user: Failed query: select \"id\", \"name\", \"email\", \"password\", \"role\", \"created_at\", \"updated_at\" from \"users\" where \"users\".\"email\" = $1 limit $2\nparams: raju565.webdev@gmail.com,1","params":["raju565.webdev@gmail.com",1],"query":"select \"id\", \"name\", \"email\", \"password\", \"role\", \"created_at\", \"updated_at\" from \"users\" where \"users\".\"email\" = $1 limit $2","service":"acquisitions-api","stack":"Error: Failed query: select \"id\", \"name\", \"email\", \"password\", \"role\", \"created_at\", \"updated_at\" from \"users\" where \"users\".\"email\" = $1 limit $2\nparams: raju565.webdev@gmail.com,1\n    at NeonHttpPreparedQuery.queryWithCache (file:///C:/Users/Raju/OneDrive/Desktop/File/NODE%20APPS/acquisitions/node_modules/drizzle-orm/pg-core/session.js:41:15)\n    at process.processTicksAndRejections (node:internal/process/task_queues:105:5)\n    at async NeonHttpPreparedQuery.execute (file:///C:/Users/Raju/OneDrive/Desktop/File/NODE%20APPS/acquisitions/node_modules/drizzle-orm/neon-http/session.js:45:20)\n    at async createUser (file:///C:/Users/Raju/OneDrive/Desktop/File/NODE%20APPS/acquisitions/src/services/auth.service.js:34:30)\n    at async signup (file:///C:/Users/Raju/OneDrive/Desktop/File/NODE%20APPS/acquisitions/src/controllers/auth.controller.js:25:22)","timestamp":"2026-01-22 10:23:08"}
{"level":"error","message":"Error during signup: User creation failed","service":"acquisitions-api","stack":"Error: User creation failed\n    at createUser (file:///C:/Users/Raju/OneDrive/Desktop/File/NODE%20APPS/acquisitions/src/services/auth.service.js:53:15)\n    at process.processTicksAndRejections (node:internal/process/task_queues:105:5)\n    at async signup (file:///C:/Users/Raju/OneDrive/Desktop/File/NODE%20APPS/acquisitions/src/controllers/auth.controller.js:25:22)","timestamp":"2026-01-22 10:23:08"}
{"level":"info","message":"::1 - - [22/Jan/2026:15:23:08 +0000] \"POST /api/auth/sign-up HTTP/1.1\" 500 532 \"-\" \"HTTPie\"","service":"acquisitions-api","timestamp":"2026-01-22 10:23:08"}
{"level":"info","message":"::1 - - [22/Jan/2026:15:23:11 +0000] \"GET /health HTTP/1.1\" 200 76 \"-\" \"-\"","service":"acquisitions-api","timestamp":"2026-01-22 15:23:11"}
{"level":"info","message":"::1 - - [22/Jan/2026:15:23:41 +0000] \"GET /health HTTP/1.1\" 200 77 \"-\" \"-\"","service":"acquisitions-api","timestamp":"2026-01-22 15:23:41"}
{"level":"info","message":"::1 - - [22/Jan/2026:15:31:13 +0000] \"GET /health HTTP/1.1\" 200 75 \"-\" \"-\"","service":"acquisitions-api","timestamp":"2026-01-22 15:31:13"}
{"level":"info","message":"::1 - - [22/Jan/2026:15:31:43 +0000] \"GET /health HTTP/1.1\" 200 76 \"-\" \"-\"","service":"acquisitions-api","timestamp":"2026-01-22 15:31:43"}
{"level":"info","message":"Root endpoint accessed","service":"acquisitions-api","timestamp":"2026-01-22 15:32:02"}
{"level":"info","message":"::ffff:172.18.0.1 - - [22/Jan/2026:15:32:02 +0000] \"GET / HTTP/1.1\" 200 31 \"-\" \"HTTPie\"","service":"acquisitions-api","timestamp":"2026-01-22 15:32:02"}
{"level":"info","message":"::1 - - [22/Jan/2026:15:32:13 +0000] \"GET /health HTTP/1.1\" 200 76 \"-\" \"-\"","service":"acquisitions-api","timestamp":"2026-01-22 15:32:13"}
{"level":"info","message":"User registered successfully: raju5656.webdev@gmail.com","service":"acquisitions-api","timestamp":"2026-01-22 15:32:32"}
{"level":"info","message":"::ffff:172.18.0.1 - - [22/Jan/2026:15:32:32 +0000] \"POST /api/auth/sign-up HTTP/1.1\" 201 109 \"-\" \"HTTPie\"","service":"acquisitions-api","timestamp":"2026-01-22 15:32:32"}
{"level":"info","message":"::1 - - [22/Jan/2026:15:32:43 +0000] \"GET /health HTTP/1.1\" 200 76 \"-\" \"-\"","service":"acquisitions-api","timestamp":"2026-01-22 15:32:43"}
{"level":"info","message":"::1 - - [22/Jan/2026:15:33:14 +0000] \"GET /health HTTP/1.1\" 200 77 \"-\" \"-\"","service":"acquisitions-api","timestamp":"2026-01-22 15:33:14"}
{"level":"info","message":"::1 - - [22/Jan/2026:15:33:44 +0000] \"GET /health HTTP/1.1\" 200 77 \"-\" \"-\"","service":"acquisitions-api","timestamp":"2026-01-22 15:33:44"}
{"level":"info","message":"::1 - - [22/Jan/2026:15:34:14 +0000] \"GET /health HTTP/1.1\" 200 77 \"-\" \"-\"","service":"acquisitions-api","timestamp":"2026-01-22 15:34:14"}
{"level":"info","message":"::1 - - [22/Jan/2026:15:34:44 +0000] \"GET /health HTTP/1.1\" 200 77 \"-\" \"-\"","service":"acquisitions-api","timestamp":"2026-01-22 15:34:44"}
{"level":"info","message":"::1 - - [22/Jan/2026:15:35:14 +0000] \"GET /health HTTP/1.1\" 200 77 \"-\" \"-\"","service":"acquisitions-api","timestamp":"2026-01-22 15:35:14"}
{"level":"info","message":"::1 - - [22/Jan/2026:15:35:45 +0000] \"GET /health HTTP/1.1\" 200 77 \"-\" \"-\"","service":"acquisitions-api","timestamp":"2026-01-22 15:35:45"}
{"level":"info","message":"::1 - - [22/Jan/2026:15:36:15 +0000] \"GET /health HTTP/1.1\" 200 77 \"-\" \"-\"","service":"acquisitions-api","timestamp":"2026-01-22 15:36:15"}
{"level":"info","message":"::1 - - [22/Jan/2026:15:36:45 +0000] \"GET /health HTTP/1.1\" 200 77 \"-\" \"-\"","service":"acquisitions-api","timestamp":"2026-01-22 15:36:45"}
{"level":"info","message":"::1 - - [22/Jan/2026:15:37:15 +0000] \"GET /health HTTP/1.1\" 200 77 \"-\" \"-\"","service":"acquisitions-api","timestamp":"2026-01-22 15:37:15"}
{"level":"info","message":"::1 - - [22/Jan/2026:15:37:45 +0000] \"GET /health HTTP/1.1\" 200 77 \"-\" \"-\"","service":"acquisitions-api","timestamp":"2026-01-22 15:37:45"}
{"level":"info","message":"::1 - - [22/Jan/2026:15:38:15 +0000] \"GET /health HTTP/1.1\" 200 77 \"-\" \"-\"","service":"acquisitions-api","timestamp":"2026-01-22 15:38:15"}
{"level":"info","message":"::1 - - [22/Jan/2026:15:38:45 +0000] \"GET /health HTTP/1.1\" 200 77 \"-\" \"-\"","service":"acquisitions-api","timestamp":"2026-01-22 15:38:45"}
{"level":"info","message":"::1 - - [22/Jan/2026:15:39:16 +0000] \"GET /health HTTP/1.1\" 200 77 \"-\" \"-\"","service":"acquisitions-api","timestamp":"2026-01-22 15:39:16"}
{"level":"info","message":"::1 - - [22/Jan/2026:15:39:46 +0000] \"GET /health HTTP/1.1\" 200 77 \"-\" \"-\"","service":"acquisitions-api","timestamp":"2026-01-22 15:39:46"}
{"level":"info","message":"::1 - - [22/Jan/2026:15:40:16 +0000] \"GET /health HTTP/1.1\" 200 77 \"-\" \"-\"","service":"acquisitions-api","timestamp":"2026-01-22 15:40:16"}
{"level":"info","message":"::1 - - [22/Jan/2026:15:40:46 +0000] \"GET /health HTTP/1.1\" 200 77 \"-\" \"-\"","service":"acquisitions-api","timestamp":"2026-01-22 15:40:46"}
{"level":"info","message":"::1 - - [22/Jan/2026:15:41:16 +0000] \"GET /health HTTP/1.1\" 200 77 \"-\" \"-\"","service":"acquisitions-api","timestamp":"2026-01-22 15:41:16"}
{"level":"info","message":"::1 - - [22/Jan/2026:15:41:46 +0000] \"GET /health HTTP/1.1\" 200 77 \"-\" \"-\"","service":"acquisitions-api","timestamp":"2026-01-22 15:41:46"}
{"level":"info","message":"::1 - - [22/Jan/2026:15:42:16 +0000] \"GET /health HTTP/1.1\" 200 77 \"-\" \"-\"","service":"acquisitions-api","timestamp":"2026-01-22 15:42:16"}
{"level":"info","message":"::1 - - [22/Jan/2026:15:42:47 +0000] \"GET /health HTTP/1.1\" 200 77 \"-\" \"-\"","service":"acquisitions-api","timestamp":"2026-01-22 15:42:47"}
{"level":"info","message":"::1 - - [22/Jan/2026:15:43:17 +0000] \"GET /health HTTP/1.1\" 200 77 \"-\" \"-\"","service":"acquisitions-api","timestamp":"2026-01-22 15:43:17"}
{"level":"info","message":"::1 - - [22/Jan/2026:15:43:47 +0000] \"GET /health HTTP/1.1\" 200 77 \"-\" \"-\"","service":"acquisitions-api","timestamp":"2026-01-22 15:43:47"}
{"level":"info","message":"::1 - - [22/Jan/2026:15:44:17 +0000] \"GET /health HTTP/1.1\" 200 77 \"-\" \"-\"","service":"acquisitions-api","timestamp":"2026-01-22 15:44:17"}
{"level":"info","message":"::1 - - [22/Jan/2026:15:44:47 +0000] \"GET /health HTTP/1.1\" 200 77 \"-\" \"-\"","service":"acquisitions-api","timestamp":"2026-01-22 15:44:47"}
{"level":"info","message":"::1 - - [22/Jan/2026:15:45:17 +0000] \"GET /health HTTP/1.1\" 200 77 \"-\" \"-\"","service":"acquisitions-api","timestamp":"2026-01-22 15:45:17"}
{"level":"info","message":"::1 - - [22/Jan/2026:15:45:48 +0000] \"GET /health HTTP/1.1\" 200 76 \"-\" \"-\"","service":"acquisitions-api","timestamp":"2026-01-22 15:45:48"}
